[2026-05-10T15:13:36.554Z] [INFO] PC Cleanup Service started — running startup cleanup...
[2026-05-10T15:13:36.557Z] [INFO] Cleanup triggered by: startup
[2026-05-10T15:13:36.560Z] [INFO] === Cleanup started ===
[2026-05-10T15:13:37.449Z] [INFO] === Cleanup complete in 0.9s ===
[2026-05-10T15:13:37.450Z] [INFO] Total freed: 4.63 MB across 7 files
[2026-05-10T15:13:37.451Z] [INFO]   OK    %TEMP%: 0.02 MB, 4 files (2ms)
[2026-05-10T15:13:37.451Z] [INFO]   OK    %LOCALAPPDATA%\Temp: 0.00 MB, 0 files (0ms)
[2026-05-10T15:13:37.452Z] [INFO]   OK    C:\Windows\Temp: 0.00 MB, 0 files (0ms)
[2026-05-10T15:13:37.452Z] [INFO]   OK    %LOCALAPPDATA%\Microsoft\Windows\INetCache: 0.00 MB, 1 files (1ms)
[2026-05-10T15:13:37.452Z] [INFO]   OK    %LOCALAPPDATA%\Microsoft\Windows\INetCookies: 0.00 MB, 0 files (0ms)
[2026-05-10T15:13:37.453Z] [INFO]   OK    Windows Update Cache: 0.58 MB, 1 files (0ms)
[2026-05-10T15:13:37.453Z] [INFO]   OK    WER: C:\ProgramData\Microsoft\Windows\WER\ReportArchive: 0.00 MB, 0 files (0ms)
[2026-05-10T15:13:37.453Z] [INFO]   OK    WER: C:\ProgramData\Microsoft\Windows\WER\ReportQueue: 0.00 MB, 0 files (0ms)
[2026-05-10T15:13:37.454Z] [DEBUG]   SKIP  Thumbnail/Icon Cache: Path not found
[2026-05-10T15:13:37.454Z] [INFO]   OK    Crash Dumps: C:\Windows\LiveKernelReports: 0.00 MB, 0 files (0ms)
[2026-05-10T15:13:37.454Z] [INFO]   OK    Crash Dumps: %LOCALAPPDATA%\CrashDumps: 0.00 MB, 0 files (0ms)
[2026-05-10T15:13:37.454Z] [DEBUG]   SKIP  Memory Dump (MEMORY.DMP): File not found
[2026-05-10T15:13:37.454Z] [INFO]   OK    CBS Logs: 4.04 MB, 1 files (0ms)
[2026-05-10T15:13:37.455Z] [INFO]   WARN  Recycle Bin: 0.00 MB, 0 files (612ms)
[2026-05-10T15:13:37.455Z] [WARN]          ↳ Command failed: powershell.exe -NoProfile -Command "Clear-RecycleBin -Force -ErrorAction SilentlyContinue"
[2026-05-10T15:13:37.455Z] [INFO]   OK    DNS Cache: 0.00 MB, 0 files (27ms)
[2026-05-10T15:13:37.455Z] [INFO]   OK    ARP Cache: 0.00 MB, 0 files (27ms)
[2026-05-10T15:13:37.456Z] [INFO]   OK    NetBIOS Cache: 0.00 MB, 0 files (26ms)
[2026-05-10T15:13:37.456Z] [INFO]   OK    Winsock Catalog: 0.00 MB, 0 files (190ms)
[2026-05-10T15:13:37.456Z] [INFO] Cleanup done — 4.63 MB freed.
[2026-05-10T15:13:37.456Z] [INFO] Startup cleanup complete. Service is now idle.
