[2026-05-07T01:24:30.762Z] [INFO] PC Cleanup Service started — running startup cleanup...
[2026-05-07T01:24:30.765Z] [INFO] Cleanup triggered by: startup
[2026-05-07T01:24:30.769Z] [INFO] Rotated old log: phase-token.txt
[2026-05-07T01:24:30.770Z] [INFO] === Cleanup started ===
[2026-05-07T01:24:31.688Z] [INFO] === Cleanup complete in 0.9s ===
[2026-05-07T01:24:31.688Z] [INFO] Total freed: 1.70 MB across 9 files
[2026-05-07T01:24:31.688Z] [INFO]   OK    %TEMP%: 0.02 MB, 5 files (4ms)
[2026-05-07T01:24:31.688Z] [INFO]   OK    %LOCALAPPDATA%\Temp: 0.00 MB, 0 files (0ms)
[2026-05-07T01:24:31.689Z] [INFO]   OK    C:\Windows\Temp: 0.00 MB, 0 files (0ms)
[2026-05-07T01:24:31.689Z] [INFO]   OK    %LOCALAPPDATA%\Microsoft\Windows\INetCache: 0.00 MB, 1 files (0ms)
[2026-05-07T01:24:31.689Z] [INFO]   OK    %LOCALAPPDATA%\Microsoft\Windows\INetCookies: 0.00 MB, 0 files (0ms)
[2026-05-07T01:24:31.689Z] [INFO]   OK    Windows Update Cache: 0.57 MB, 1 files (0ms)
[2026-05-07T01:24:31.690Z] [INFO]   OK    WER: C:\ProgramData\Microsoft\Windows\WER\ReportArchive: 0.03 MB, 1 files (1ms)
[2026-05-07T01:24:31.690Z] [INFO]   OK    WER: C:\ProgramData\Microsoft\Windows\WER\ReportQueue: 0.00 MB, 0 files (1ms)
[2026-05-07T01:24:31.690Z] [DEBUG]   SKIP  Thumbnail/Icon Cache: Path not found
[2026-05-07T01:24:31.690Z] [INFO]   OK    Crash Dumps: C:\Windows\LiveKernelReports: 0.00 MB, 0 files (0ms)
[2026-05-07T01:24:31.690Z] [INFO]   OK    Crash Dumps: %LOCALAPPDATA%\CrashDumps: 0.00 MB, 0 files (0ms)
[2026-05-07T01:24:31.690Z] [DEBUG]   SKIP  Memory Dump (MEMORY.DMP): File not found
[2026-05-07T01:24:31.691Z] [INFO]   OK    CBS Logs: 1.08 MB, 1 files (1ms)
[2026-05-07T01:24:31.691Z] [INFO]   WARN  Recycle Bin: 0.00 MB, 0 files (673ms)
[2026-05-07T01:24:31.691Z] [WARN]          ↳ Command failed: powershell.exe -NoProfile -Command "Clear-RecycleBin -Force -ErrorAction SilentlyContinue"
[2026-05-07T01:24:31.691Z] [INFO]   OK    DNS Cache: 0.00 MB, 0 files (25ms)
[2026-05-07T01:24:31.691Z] [INFO]   OK    ARP Cache: 0.00 MB, 0 files (26ms)
[2026-05-07T01:24:31.692Z] [INFO]   OK    NetBIOS Cache: 0.00 MB, 0 files (27ms)
[2026-05-07T01:24:31.692Z] [INFO]   OK    Winsock Catalog: 0.00 MB, 0 files (157ms)
[2026-05-07T01:24:31.692Z] [INFO] Cleanup done — 1.70 MB freed.
[2026-05-07T01:24:31.692Z] [INFO] Startup cleanup complete. Service is now idle.
