[2026-04-22T23:32:28.690Z] [INFO] PC Cleanup Service started — running startup cleanup...
[2026-04-22T23:32:28.693Z] [INFO] Cleanup triggered by: startup
[2026-04-22T23:32:28.697Z] [INFO] === Cleanup started ===
[2026-04-22T23:32:29.511Z] [INFO] === Cleanup complete in 0.8s ===
[2026-04-22T23:32:29.511Z] [INFO] Total freed: 4.44 MB across 9 files
[2026-04-22T23:32:29.511Z] [INFO]   OK    %TEMP%: 0.02 MB, 5 files (3ms)
[2026-04-22T23:32:29.511Z] [INFO]   OK    %LOCALAPPDATA%\Temp: 0.00 MB, 0 files (0ms)
[2026-04-22T23:32:29.512Z] [INFO]   OK    C:\Windows\Temp: 0.00 MB, 0 files (0ms)
[2026-04-22T23:32:29.512Z] [INFO]   OK    %LOCALAPPDATA%\Microsoft\Windows\INetCache: 0.00 MB, 1 files (0ms)
[2026-04-22T23:32:29.512Z] [INFO]   OK    %LOCALAPPDATA%\Microsoft\Windows\INetCookies: 0.00 MB, 0 files (0ms)
[2026-04-22T23:32:29.513Z] [INFO]   OK    Windows Update Cache: 1.02 MB, 2 files (0ms)
[2026-04-22T23:32:29.513Z] [INFO]   OK    WER: C:\ProgramData\Microsoft\Windows\WER\ReportArchive: 0.00 MB, 0 files (0ms)
[2026-04-22T23:32:29.513Z] [INFO]   OK    WER: C:\ProgramData\Microsoft\Windows\WER\ReportQueue: 0.00 MB, 0 files (0ms)
[2026-04-22T23:32:29.513Z] [DEBUG]   SKIP  Thumbnail/Icon Cache: Path not found
[2026-04-22T23:32:29.513Z] [INFO]   OK    Crash Dumps: C:\Windows\LiveKernelReports: 0.00 MB, 0 files (0ms)
[2026-04-22T23:32:29.514Z] [DEBUG]   SKIP  Memory Dump (MEMORY.DMP): File not found
[2026-04-22T23:32:29.514Z] [INFO]   OK    CBS Logs: 3.40 MB, 1 files (1ms)
[2026-04-22T23:32:29.514Z] [INFO]   WARN  Recycle Bin: 0.00 MB, 0 files (562ms)
[2026-04-22T23:32:29.514Z] [WARN]          ↳ Command failed: powershell.exe -NoProfile -Command "Clear-RecycleBin -Force -ErrorAction SilentlyContinue"
[2026-04-22T23:32:29.515Z] [INFO]   OK    DNS Cache: 0.00 MB, 0 files (27ms)
[2026-04-22T23:32:29.515Z] [INFO]   OK    ARP Cache: 0.00 MB, 0 files (27ms)
[2026-04-22T23:32:29.515Z] [INFO]   OK    NetBIOS Cache: 0.00 MB, 0 files (27ms)
[2026-04-22T23:32:29.515Z] [INFO]   OK    Winsock Catalog: 0.00 MB, 0 files (162ms)
[2026-04-22T23:32:29.515Z] [INFO] Cleanup done — 4.44 MB freed.
[2026-04-22T23:32:29.516Z] [INFO] Startup cleanup complete. Service is now idle.
