[2026-04-25T14:20:37.386Z] [INFO] PC Cleanup Service started — running startup cleanup...
[2026-04-25T14:20:37.389Z] [INFO] Cleanup triggered by: startup
[2026-04-25T14:20:37.390Z] [INFO] Rotated old log: cleanup-2026-03-26.log
[2026-04-25T14:20:37.393Z] [INFO] === Cleanup started ===
[2026-04-25T14:20:38.220Z] [INFO] === Cleanup complete in 0.8s ===
[2026-04-25T14:20:38.220Z] [INFO] Total freed: 6.48 MB across 17 files
[2026-04-25T14:20:38.221Z] [INFO]   OK    %TEMP%: 0.03 MB, 9 files (4ms)
[2026-04-25T14:20:38.221Z] [INFO]   OK    %LOCALAPPDATA%\Temp: 0.00 MB, 0 files (0ms)
[2026-04-25T14:20:38.221Z] [INFO]   OK    C:\Windows\Temp: 0.00 MB, 0 files (0ms)
[2026-04-25T14:20:38.222Z] [INFO]   OK    %LOCALAPPDATA%\Microsoft\Windows\INetCache: 0.00 MB, 1 files (0ms)
[2026-04-25T14:20:38.222Z] [INFO]   OK    %LOCALAPPDATA%\Microsoft\Windows\INetCookies: 0.00 MB, 0 files (0ms)
[2026-04-25T14:20:38.222Z] [INFO]   OK    Windows Update Cache: 0.84 MB, 2 files (1ms)
[2026-04-25T14:20:38.222Z] [INFO]   OK    WER: C:\ProgramData\Microsoft\Windows\WER\ReportArchive: 0.08 MB, 3 files (3ms)
[2026-04-25T14:20:38.223Z] [INFO]   OK    WER: C:\ProgramData\Microsoft\Windows\WER\ReportQueue: 0.00 MB, 0 files (0ms)
[2026-04-25T14:20:38.223Z] [DEBUG]   SKIP  Thumbnail/Icon Cache: Path not found
[2026-04-25T14:20:38.223Z] [INFO]   OK    Crash Dumps: C:\Windows\LiveKernelReports: 0.00 MB, 0 files (1ms)
[2026-04-25T14:20:38.223Z] [INFO]   OK    Crash Dumps: %LOCALAPPDATA%\CrashDumps: 2.30 MB, 1 files (0ms)
[2026-04-25T14:20:38.224Z] [DEBUG]   SKIP  Memory Dump (MEMORY.DMP): File not found
[2026-04-25T14:20:38.224Z] [INFO]   OK    CBS Logs: 3.23 MB, 1 files (0ms)
[2026-04-25T14:20:38.224Z] [INFO]   WARN  Recycle Bin: 0.00 MB, 0 files (557ms)
[2026-04-25T14:20:38.224Z] [WARN]          ↳ Command failed: powershell.exe -NoProfile -Command "Clear-RecycleBin -Force -ErrorAction SilentlyContinue"
[2026-04-25T14:20:38.224Z] [INFO]   OK    DNS Cache: 0.00 MB, 0 files (28ms)
[2026-04-25T14:20:38.225Z] [INFO]   OK    ARP Cache: 0.00 MB, 0 files (29ms)
[2026-04-25T14:20:38.225Z] [INFO]   OK    NetBIOS Cache: 0.00 MB, 0 files (27ms)
[2026-04-25T14:20:38.225Z] [INFO]   OK    Winsock Catalog: 0.00 MB, 0 files (173ms)
[2026-04-25T14:20:38.225Z] [INFO] Cleanup done — 6.48 MB freed.
[2026-04-25T14:20:38.226Z] [INFO] Startup cleanup complete. Service is now idle.
