[2026-04-26T14:07:27.314Z] [INFO] PC Cleanup Service started — running startup cleanup...
[2026-04-26T14:07:27.317Z] [INFO] Cleanup triggered by: startup
[2026-04-26T14:07:27.321Z] [INFO] === Cleanup started ===
[2026-04-26T14:07:28.222Z] [INFO] === Cleanup complete in 0.9s ===
[2026-04-26T14:07:28.222Z] [INFO] Total freed: 4.07 MB across 11 files
[2026-04-26T14:07:28.222Z] [INFO]   WARN  %TEMP%: 0.03 MB, 7 files (4ms)
[2026-04-26T14:07:28.223Z] [WARN]          ↳ C:\WINDOWS\TEMP\5tdA7EKUosm8OaEX: EPERM: operation not permitted, unlink 'C:\WINDOWS\TEMP\5tdA7EKUosm8OaEX'
[2026-04-26T14:07:28.223Z] [INFO]   OK    %LOCALAPPDATA%\Temp: 0.00 MB, 0 files (0ms)
[2026-04-26T14:07:28.223Z] [INFO]   WARN  C:\Windows\Temp: 0.00 MB, 0 files (0ms)
[2026-04-26T14:07:28.224Z] [WARN]          ↳ C:\Windows\Temp\5tdA7EKUosm8OaEX: EPERM: operation not permitted, unlink 'C:\Windows\Temp\5tdA7EKUosm8OaEX'
[2026-04-26T14:07:28.224Z] [INFO]   OK    %LOCALAPPDATA%\Microsoft\Windows\INetCache: 0.00 MB, 1 files (0ms)
[2026-04-26T14:07:28.224Z] [INFO]   OK    %LOCALAPPDATA%\Microsoft\Windows\INetCookies: 0.00 MB, 0 files (0ms)
[2026-04-26T14:07:28.224Z] [INFO]   OK    Windows Update Cache: 0.96 MB, 2 files (1ms)
[2026-04-26T14:07:28.225Z] [INFO]   OK    WER: C:\ProgramData\Microsoft\Windows\WER\ReportArchive: 0.00 MB, 0 files (0ms)
[2026-04-26T14:07:28.225Z] [INFO]   OK    WER: C:\ProgramData\Microsoft\Windows\WER\ReportQueue: 0.00 MB, 0 files (0ms)
[2026-04-26T14:07:28.225Z] [DEBUG]   SKIP  Thumbnail/Icon Cache: Path not found
[2026-04-26T14:07:28.225Z] [INFO]   OK    Crash Dumps: C:\Windows\LiveKernelReports: 0.00 MB, 0 files (0ms)
[2026-04-26T14:07:28.226Z] [INFO]   OK    Crash Dumps: %LOCALAPPDATA%\CrashDumps: 0.00 MB, 0 files (0ms)
[2026-04-26T14:07:28.226Z] [DEBUG]   SKIP  Memory Dump (MEMORY.DMP): File not found
[2026-04-26T14:07:28.226Z] [INFO]   OK    CBS Logs: 3.08 MB, 1 files (0ms)
[2026-04-26T14:07:28.226Z] [INFO]   WARN  Recycle Bin: 0.00 MB, 0 files (602ms)
[2026-04-26T14:07:28.226Z] [WARN]          ↳ Command failed: powershell.exe -NoProfile -Command "Clear-RecycleBin -Force -ErrorAction SilentlyContinue"
[2026-04-26T14:07:28.227Z] [INFO]   OK    DNS Cache: 0.00 MB, 0 files (25ms)
[2026-04-26T14:07:28.227Z] [INFO]   OK    ARP Cache: 0.00 MB, 0 files (26ms)
[2026-04-26T14:07:28.227Z] [INFO]   OK    NetBIOS Cache: 0.00 MB, 0 files (27ms)
[2026-04-26T14:07:28.227Z] [INFO]   OK    Winsock Catalog: 0.00 MB, 0 files (211ms)
[2026-04-26T14:07:28.228Z] [INFO] Cleanup done — 4.07 MB freed.
[2026-04-26T14:07:28.228Z] [INFO] Startup cleanup complete. Service is now idle.
