[2026-04-24T13:25:41.613Z] [INFO] PC Cleanup Service started — running startup cleanup...
[2026-04-24T13:25:41.616Z] [INFO] Cleanup triggered by: startup
[2026-04-24T13:25:41.621Z] [INFO] === Cleanup started ===
[2026-04-24T13:25:42.437Z] [INFO] === Cleanup complete in 0.8s ===
[2026-04-24T13:25:42.437Z] [INFO] Total freed: 143.49 MB across 11 files
[2026-04-24T13:25:42.437Z] [INFO]   OK    %TEMP%: 0.02 MB, 4 files (3ms)
[2026-04-24T13:25:42.438Z] [INFO]   OK    %LOCALAPPDATA%\Temp: 0.00 MB, 0 files (1ms)
[2026-04-24T13:25:42.438Z] [INFO]   OK    C:\Windows\Temp: 0.00 MB, 0 files (0ms)
[2026-04-24T13:25:42.438Z] [INFO]   OK    %LOCALAPPDATA%\Microsoft\Windows\INetCache: 0.00 MB, 1 files (0ms)
[2026-04-24T13:25:42.439Z] [INFO]   OK    %LOCALAPPDATA%\Microsoft\Windows\INetCookies: 0.00 MB, 0 files (0ms)
[2026-04-24T13:25:42.439Z] [INFO]   OK    Windows Update Cache: 0.67 MB, 1 files (6ms)
[2026-04-24T13:25:42.439Z] [INFO]   OK    WER: C:\ProgramData\Microsoft\Windows\WER\ReportArchive: 0.05 MB, 2 files (1ms)
[2026-04-24T13:25:42.439Z] [INFO]   OK    WER: C:\ProgramData\Microsoft\Windows\WER\ReportQueue: 0.00 MB, 0 files (0ms)
[2026-04-24T13:25:42.440Z] [DEBUG]   SKIP  Thumbnail/Icon Cache: Path not found
[2026-04-24T13:25:42.440Z] [INFO]   OK    Crash Dumps: C:\Windows\LiveKernelReports: 0.00 MB, 0 files (0ms)
[2026-04-24T13:25:42.440Z] [DEBUG]   SKIP  Memory Dump (MEMORY.DMP): File not found
[2026-04-24T13:25:42.441Z] [INFO]   OK    CBS Logs: 142.76 MB, 3 files (8ms)
[2026-04-24T13:25:42.441Z] [INFO]   WARN  Recycle Bin: 0.00 MB, 0 files (556ms)
[2026-04-24T13:25:42.441Z] [WARN]          ↳ Command failed: powershell.exe -NoProfile -Command "Clear-RecycleBin -Force -ErrorAction SilentlyContinue"
[2026-04-24T13:25:42.441Z] [INFO]   OK    DNS Cache: 0.00 MB, 0 files (28ms)
[2026-04-24T13:25:42.441Z] [INFO]   OK    ARP Cache: 0.00 MB, 0 files (29ms)
[2026-04-24T13:25:42.442Z] [INFO]   OK    NetBIOS Cache: 0.00 MB, 0 files (27ms)
[2026-04-24T13:25:42.442Z] [INFO]   OK    Winsock Catalog: 0.00 MB, 0 files (153ms)
[2026-04-24T13:25:42.442Z] [INFO] Cleanup done — 143.49 MB freed.
[2026-04-24T13:25:42.442Z] [INFO] Startup cleanup complete. Service is now idle.
[2026-04-24T22:13:53.600Z] [INFO] PC Cleanup Service started — running startup cleanup...
[2026-04-24T22:13:53.603Z] [INFO] Cleanup triggered by: startup
[2026-04-24T22:13:53.604Z] [INFO] Rotated old log: cleanup-2026-03-25.log
[2026-04-24T22:13:53.607Z] [INFO] === Cleanup started ===
[2026-04-24T22:13:54.426Z] [INFO] === Cleanup complete in 0.8s ===
[2026-04-24T22:13:54.427Z] [INFO] Total freed: 0.00 MB across 2 files
[2026-04-24T22:13:54.427Z] [INFO]   OK    %TEMP%: 0.00 MB, 1 files (0ms)
[2026-04-24T22:13:54.428Z] [INFO]   OK    %LOCALAPPDATA%\Temp: 0.00 MB, 0 files (1ms)
[2026-04-24T22:13:54.428Z] [INFO]   OK    C:\Windows\Temp: 0.00 MB, 0 files (0ms)
[2026-04-24T22:13:54.428Z] [INFO]   OK    %LOCALAPPDATA%\Microsoft\Windows\INetCache: 0.00 MB, 1 files (1ms)
[2026-04-24T22:13:54.429Z] [INFO]   OK    %LOCALAPPDATA%\Microsoft\Windows\INetCookies: 0.00 MB, 0 files (0ms)
[2026-04-24T22:13:54.429Z] [INFO]   OK    Windows Update Cache: 0.00 MB, 0 files (1ms)
[2026-04-24T22:13:54.429Z] [INFO]   OK    WER: C:\ProgramData\Microsoft\Windows\WER\ReportArchive: 0.00 MB, 0 files (0ms)
[2026-04-24T22:13:54.430Z] [INFO]   OK    WER: C:\ProgramData\Microsoft\Windows\WER\ReportQueue: 0.00 MB, 0 files (0ms)
[2026-04-24T22:13:54.430Z] [DEBUG]   SKIP  Thumbnail/Icon Cache: Path not found
[2026-04-24T22:13:54.430Z] [INFO]   OK    Crash Dumps: C:\Windows\LiveKernelReports: 0.00 MB, 0 files (0ms)
[2026-04-24T22:13:54.430Z] [DEBUG]   SKIP  Memory Dump (MEMORY.DMP): File not found
[2026-04-24T22:13:54.431Z] [INFO]   OK    CBS Logs: 0.00 MB, 0 files (0ms)
[2026-04-24T22:13:54.431Z] [INFO]   WARN  Recycle Bin: 0.00 MB, 0 files (545ms)
[2026-04-24T22:13:54.431Z] [WARN]          ↳ Command failed: powershell.exe -NoProfile -Command "Clear-RecycleBin -Force -ErrorAction SilentlyContinue"
[2026-04-24T22:13:54.432Z] [INFO]   OK    DNS Cache: 0.00 MB, 0 files (27ms)
[2026-04-24T22:13:54.432Z] [INFO]   OK    ARP Cache: 0.00 MB, 0 files (29ms)
[2026-04-24T22:13:54.432Z] [INFO]   OK    NetBIOS Cache: 0.00 MB, 0 files (26ms)
[2026-04-24T22:13:54.432Z] [INFO]   OK    Winsock Catalog: 0.00 MB, 0 files (186ms)
[2026-04-24T22:13:54.433Z] [INFO] Cleanup done — 0.00 MB freed.
[2026-04-24T22:13:54.433Z] [INFO] Startup cleanup complete. Service is now idle.
