[2026-04-23T13:51:09.970Z] [INFO] PC Cleanup Service started — running startup cleanup...
[2026-04-23T13:51:09.974Z] [INFO] Cleanup triggered by: startup
[2026-04-23T13:51:09.975Z] [INFO] Rotated old log: cleanup-2026-03-24.log
[2026-04-23T13:51:09.979Z] [INFO] === Cleanup started ===
[2026-04-23T13:51:10.795Z] [INFO] === Cleanup complete in 0.8s ===
[2026-04-23T13:51:10.796Z] [INFO] Total freed: 4.96 MB across 9 files
[2026-04-23T13:51:10.796Z] [INFO]   OK    %TEMP%: 0.03 MB, 5 files (3ms)
[2026-04-23T13:51:10.796Z] [INFO]   OK    %LOCALAPPDATA%\Temp: 0.00 MB, 0 files (1ms)
[2026-04-23T13:51:10.796Z] [INFO]   OK    C:\Windows\Temp: 0.00 MB, 0 files (0ms)
[2026-04-23T13:51:10.797Z] [INFO]   OK    %LOCALAPPDATA%\Microsoft\Windows\INetCache: 0.00 MB, 1 files (0ms)
[2026-04-23T13:51:10.798Z] [INFO]   OK    %LOCALAPPDATA%\Microsoft\Windows\INetCookies: 0.00 MB, 0 files (0ms)
[2026-04-23T13:51:10.798Z] [INFO]   OK    Windows Update Cache: 0.84 MB, 2 files (2ms)
[2026-04-23T13:51:10.798Z] [INFO]   OK    WER: C:\ProgramData\Microsoft\Windows\WER\ReportArchive: 0.00 MB, 0 files (0ms)
[2026-04-23T13:51:10.798Z] [INFO]   OK    WER: C:\ProgramData\Microsoft\Windows\WER\ReportQueue: 0.00 MB, 0 files (0ms)
[2026-04-23T13:51:10.799Z] [DEBUG]   SKIP  Thumbnail/Icon Cache: Path not found
[2026-04-23T13:51:10.799Z] [INFO]   OK    Crash Dumps: C:\Windows\LiveKernelReports: 0.00 MB, 0 files (0ms)
[2026-04-23T13:51:10.799Z] [DEBUG]   SKIP  Memory Dump (MEMORY.DMP): File not found
[2026-04-23T13:51:10.799Z] [INFO]   OK    CBS Logs: 4.10 MB, 1 files (1ms)
[2026-04-23T13:51:10.800Z] [INFO]   WARN  Recycle Bin: 0.00 MB, 0 files (555ms)
[2026-04-23T13:51:10.800Z] [WARN]          ↳ Command failed: powershell.exe -NoProfile -Command "Clear-RecycleBin -Force -ErrorAction SilentlyContinue"
[2026-04-23T13:51:10.800Z] [INFO]   OK    DNS Cache: 0.00 MB, 0 files (25ms)
[2026-04-23T13:51:10.800Z] [INFO]   OK    ARP Cache: 0.00 MB, 0 files (30ms)
[2026-04-23T13:51:10.801Z] [INFO]   OK    NetBIOS Cache: 0.00 MB, 0 files (26ms)
[2026-04-23T13:51:10.801Z] [INFO]   OK    Winsock Catalog: 0.00 MB, 0 files (170ms)
[2026-04-23T13:51:10.801Z] [INFO] Cleanup done — 4.96 MB freed.
[2026-04-23T13:51:10.802Z] [INFO] Startup cleanup complete. Service is now idle.
